app/build/outputs/logs/manifest-merger-debug-report.txt
-- Merging decision tree log ---
manifest
ADDED from src/main/AndroidManifest.xml:2:1-65:12
	package
		ADDED from src/main/AndroidManifest.xml:3:5-49
		INJECTED from src/main/AndroidManifest.xml
		INJECTED from src/main/AndroidManifest.xml
	android:versionName
		INJECTED from src/main/AndroidManifest.xml
		INJECTED from src/main/AndroidManifest.xml
	xmlns:android
		ADDED from src/main/AndroidManifest.xml:2:11-69
	android:versionCode
		INJECTED from src/main/AndroidManifest.xml
		INJECTED from src/main/AndroidManifest.xml
uses-permission#android.permission.WRITE_EXTERNAL_STORAGE
ADDED from src/main/AndroidManifest.xml:4:5-81
	android:name
		ADDED from src/main/AndroidManifest.xml:4:22-78
uses-permission#android.permission.INTERNET
ADDED from src/main/AndroidManifest.xml:5:5-66
MERGED from [cn.leancloud.android:avoscloud-sns:v3.15.4] AndroidManifest.xml:11:5-67
	android:name
		ADDED from src/main/AndroidManifest.xml:5:22-64
uses-permission#android.permission.ACCESS_NETWORK_STATE
ADDED from src/main/AndroidManifest.xml:6:5-79
MERGED from [cn.leancloud.android:avoscloud-sns:v3.15.4] AndroidManifest.xml:14:5-79
	android:name
		ADDED from src/main/AndroidManifest.xml:6:22-76
uses-permission#android.permission.READ_PHONE_STATE
ADDED from src/main/AndroidManifest.xml:7:5-75
	android:name
		ADDED from src/main/AndroidManifest.xml:7:22-72
uses-permission#android.permission.ACCESS_WIFI_STATE
ADDED from src/main/AndroidManifest.xml:8:5-76
	android:name
		ADDED from src/main/AndroidManifest.xml:8:22-73
uses-permission#android.permission.CAMERA
ADDED from src/main/AndroidManifest.xml:10:5-65
	android:name
		ADDED from src/main/AndroidManifest.xml:10:22-62
application
ADDED from src/main/AndroidManifest.xml:11:5-63:19
MERGED from [com.android.support:support-v4:25.0.0] AndroidManifest.xml:25:5-20
MERGED from [com.android.support:support-compat:25.0.0] AndroidManifest.xml:25:5-20
MERGED from [com.android.support:support-media-compat:25.0.0] AndroidManifest.xml:25:5-20
MERGED from [com.android.support:support-core-utils:25.0.0] AndroidManifest.xml:25:5-20
MERGED from [com.android.support:support-core-ui:25.0.0] AndroidManifest.xml:25:5-20
MERGED from [com.android.support:support-fragment:25.0.0] AndroidManifest.xml:25:5-20
MERGED from [cn.leancloud.android:avoscloud-search:v3.15.4] AndroidManifest.xml:11:5-14:19
MERGED from [com.android.support:design:25.0.0] AndroidManifest.xml:25:5-20
MERGED from [com.android.support:appcompat-v7:25.0.0] AndroidManifest.xml:25:5-20
MERGED from [com.android.support:support-vector-drawable:25.0.0] AndroidManifest.xml:23:5-20
MERGED from [com.android.support:animated-vector-drawable:25.0.0] AndroidManifest.xml:22:5-20
MERGED from [com.android.support:transition:25.0.0] AndroidManifest.xml:22:5-20
MERGED from [com.android.support:cardview-v7:25.0.0] AndroidManifest.xml:22:5-20
MERGED from [com.android.support:gridlayout-v7:25.0.0] AndroidManifest.xml:22:5-20
MERGED from [cn.carbs.android:SegmentControlView:1.0.0] AndroidManifest.xml:11:5-15:19
MERGED from [de.hdodenhof:circleimageview:2.1.0] AndroidManifest.xml:9:5-20
MERGED from [me.iwf.photopicker:PhotoPicker:0.9.0] AndroidManifest.xml:9:5-19:19
	android:label
		ADDED from src/main/AndroidManifest.xml:14:9-41
	android:supportsRtl
		ADDED from src/main/AndroidManifest.xml:15:9-35
	android:allowBackup
		ADDED from src/main/AndroidManifest.xml:12:9-35
	android:icon
		ADDED from src/main/AndroidManifest.xml:13:9-43
	android:theme
		ADDED from src/main/AndroidManifest.xml:16:9-68
activity#com.example.zengzehao.messageshare.MainActivity
ADDED from src/main/AndroidManifest.xml:17:9-19:20
	android:name
		ADDED from src/main/AndroidManifest.xml:17:19-47
activity#com.example.zengzehao.messageshare.Login
ADDED from src/main/AndroidManifest.xml:20:9-26:20
	android:name
		ADDED from src/main/AndroidManifest.xml:20:19-40
intent-filter#android.intent.action.MAIN+android.intent.category.LAUNCHER
ADDED from src/main/AndroidManifest.xml:21:13-25:29
action#android.intent.action.MAIN
ADDED from src/main/AndroidManifest.xml:22:17-69
	android:name
		ADDED from src/main/AndroidManifest.xml:22:25-66
category#android.intent.category.LAUNCHER
ADDED from src/main/AndroidManifest.xml:24:17-77
	android:name
		ADDED from src/main/AndroidManifest.xml:24:27-74
activity#com.example.zengzehao.messageshare.SignUp
ADDED from src/main/AndroidManifest.xml:27:9-29:20
	android:name
		ADDED from src/main/AndroidManifest.xml:27:19-41
activity#com.example.zengzehao.messageshare.ResetPassword
ADDED from src/main/AndroidManifest.xml:30:9-32:20
	android:name
		ADDED from src/main/AndroidManifest.xml:30:19-48
activity#com.example.zengzehao.messageshare.CarpoolAddActivity
ADDED from src/main/AndroidManifest.xml:33:9-35:20
	android:name
		ADDED from src/main/AndroidManifest.xml:33:19-53
activity#com.example.zengzehao.messageshare.PersonInfoActivity
ADDED from src/main/AndroidManifest.xml:36:9-38:20
	android:name
		ADDED from src/main/AndroidManifest.xml:36:19-53
activity#com.example.zengzehao.messageshare.ChangeNicknameActiviy
ADDED from src/main/AndroidManifest.xml:39:9-41:20
	android:name
		ADDED from src/main/AndroidManifest.xml:39:19-56
activity#com.example.zengzehao.messageshare.WorkAddActivity
ADDED from src/main/AndroidManifest.xml:42:9-44:20
	android:name
		ADDED from src/main/AndroidManifest.xml:42:19-50
activity#com.example.zengzehao.messageshare.AskExpressAddActivity
ADDED from src/main/AndroidManifest.xml:45:9-47:20
	android:name
		ADDED from src/main/AndroidManifest.xml:45:19-56
activity#com.example.zengzehao.messageshare.HelpExpressAddactivity
ADDED from src/main/AndroidManifest.xml:48:9-69
	android:name
		ADDED from src/main/AndroidManifest.xml:48:19-57
activity#com.example.zengzehao.messageshare.SellAddActivity
ADDED from src/main/AndroidManifest.xml:49:9-51:20
	android:name
		ADDED from src/main/AndroidManifest.xml:49:19-50
activity#com.example.zengzehao.messageshare.BuyAddAcivity
ADDED from src/main/AndroidManifest.xml:52:9-54:20
	android:name
		ADDED from src/main/AndroidManifest.xml:52:19-48
activity#com.example.zengzehao.messageshare.Tab01ListViewDetails
ADDED from src/main/AndroidManifest.xml:55:9-67
	android:name
		ADDED from src/main/AndroidManifest.xml:55:19-55
activity#me.iwf.photopicker.PhotoPickerActivity
ADDED from src/main/AndroidManifest.xml:56:9-58:15
	android:theme
		ADDED from src/main/AndroidManifest.xml:57:13-63
	android:name
		ADDED from src/main/AndroidManifest.xml:56:19-72
activity#me.iwf.photopicker.PhotoPagerActivity
ADDED from src/main/AndroidManifest.xml:60:9-61:65
	android:theme
		ADDED from src/main/AndroidManifest.xml:61:13-63
	android:name
		ADDED from src/main/AndroidManifest.xml:60:19-71
uses-sdk
INJECTED from src/main/AndroidManifest.xml reason: use-sdk injection requested
MERGED from [cn.leancloud.android:avoscloud-push:v3.15.4] AndroidManifest.xml:7:5-9:41
MERGED from [com.android.support:support-v4:25.0.0] AndroidManifest.xml:21:5-23:54
MERGED from [com.android.support:support-compat:25.0.0] AndroidManifest.xml:21:5-23:58
MERGED from [com.android.support:support-media-compat:25.0.0] AndroidManifest.xml:21:5-23:63
MERGED from [com.android.support:support-core-utils:25.0.0] AndroidManifest.xml:21:5-23:61
MERGED from [com.android.support:support-core-ui:25.0.0] AndroidManifest.xml:21:5-23:58
MERGED from [com.android.support:support-fragment:25.0.0] AndroidManifest.xml:21:5-23:60
MERGED from [cn.leancloud.android:avoscloud-feedback:v3.15.4] AndroidManifest.xml:7:5-9:41
MERGED from [cn.leancloud.android:avoscloud-sns:v3.15.4] AndroidManifest.xml:7:5-9:41
MERGED from [cn.leancloud.android:avoscloud-search:v3.15.4] AndroidManifest.xml:7:5-9:41
MERGED from [com.android.support:design:25.0.0] AndroidManifest.xml:21:5-23:62
MERGED from [com.android.support:appcompat-v7:25.0.0] AndroidManifest.xml:21:5-23:78
MERGED from [com.android.support:support-vector-drawable:25.0.0] AndroidManifest.xml:21:5-43
MERGED from [com.android.support:animated-vector-drawable:25.0.0] AndroidManifest.xml:20:5-44
MERGED from [com.android.support:recyclerview-v7:25.0.0] AndroidManifest.xml:20:5-43
MERGED from [com.android.support:transition:25.0.0] AndroidManifest.xml:20:5-44
MERGED from [com.android.support:cardview-v7:25.0.0] AndroidManifest.xml:20:5-43
MERGED from [com.android.support:gridlayout-v7:25.0.0] AndroidManifest.xml:20:5-43
MERGED from [cn.carbs.android:SegmentControlView:1.0.0] AndroidManifest.xml:7:5-9:41
MERGED from [de.hdodenhof:circleimageview:2.1.0] AndroidManifest.xml:5:5-7:41
MERGED from [me.iwf.photopicker:PhotoPicker:0.9.0] AndroidManifest.xml:5:5-7:41
	tools:overrideLibrary
		ADDED from [com.android.support:support-v4:25.0.0] AndroidManifest.xml:23:9-51
	android:targetSdkVersion
		INJECTED from src/main/AndroidManifest.xml
		INJECTED from src/main/AndroidManifest.xml
	android:minSdkVersion
		INJECTED from src/main/AndroidManifest.xml
		INJECTED from src/main/AndroidManifest.xml
uses-permission#android.permission.RECEIVE_BOOT_COMPLETED
ADDED from [cn.leancloud.android:avoscloud-sns:v3.15.4] AndroidManifest.xml:12:5-81
	android:name
		ADDED from [cn.leancloud.android:avoscloud-sns:v3.15.4] AndroidManifest.xml:12:22-78
uses-permission#android.permission.VIBRATE
ADDED from [cn.leancloud.android:avoscloud-sns:v3.15.4] AndroidManifest.xml:13:5-66
	android:name
		ADDED from [cn.leancloud.android:avoscloud-sns:v3.15.4] AndroidManifest.xml:13:22-63
activity#com.avos.avoscloud.search.SearchActivity
ADDED from [cn.leancloud.android:avoscloud-search:v3.15.4] AndroidManifest.xml:12:9-13:20
	android:name
		ADDED from [cn.leancloud.android:avoscloud-search:v3.15.4] AndroidManifest.xml:12:19-74
provider#android.support.v4.content.FileProvider
ADDED from [me.iwf.photopicker:PhotoPicker:0.9.0] AndroidManifest.xml:10:9-18:20
	android:authorities
		ADDED from [me.iwf.photopicker:PhotoPicker:0.9.0] AndroidManifest.xml:12:13-60
	android:grantUriPermissions
		ADDED from [me.iwf.photopicker:PhotoPicker:0.9.0] AndroidManifest.xml:14:13-47
	android:exported
		ADDED from [me.iwf.photopicker:PhotoPicker:0.9.0] AndroidManifest.xml:13:13-37
	android:name
		ADDED from [me.iwf.photopicker:PhotoPicker:0.9.0] AndroidManifest.xml:11:13-67
meta-data#android.support.FILE_PROVIDER_PATHS
ADDED from [me.iwf.photopicker:PhotoPicker:0.9.0] AndroidManifest.xml:15:13-17:67
	android:resource
		ADDED from [me.iwf.photopicker:PhotoPicker:0.9.0] AndroidManifest.xml:17:17-64
	android:name
		ADDED from [me.iwf.photopicker:PhotoPicker:0.9.0] AndroidManifest.xml:16:17-67